app/build/outputs/mapping/release/seeds.txt
com.amc.celendinapp.model.TabItem
com.amc.celendinapp.model.ClienteKt
com.amc.celendinapp.model.Cliente
com.amc.celendinapp.MainActivity
com.amc.celendinapp.model.ClienteLocal
com.amc.celendinapp.network.AdinelsaApiService
com.amc.celendinapp.model.RespuestaAdinelsa
com.amc.celendinapp.model.InstalacionApi
com.amc.celendinapp.model.Cliente: java.lang.String apellidoMaterno
com.amc.celendinapp.model.InstalacionApi: boolean estaActivo
com.amc.celendinapp.model.Cliente: java.lang.String codigoSuministro
com.amc.celendinapp.model.InstalacionApi: int $stable
com.amc.celendinapp.model.TabItem: java.lang.String label
com.amc.celendinapp.model.RespuestaAdinelsa: int $stable
com.amc.celendinapp.model.Cliente: boolean isVisitado
com.amc.celendinapp.model.TabItem: java.lang.String id
com.amc.celendinapp.model.InstalacionApi: java.lang.String distrito
com.amc.celendinapp.model.ClienteLocal: java.lang.String distrito
com.amc.celendinapp.model.Cliente: java.lang.String longitud
com.amc.celendinapp.model.ClienteLocal: java.lang.String dni
com.amc.celendinapp.model.InstalacionApi: java.lang.String dni
com.amc.celendinapp.model.RespuestaAdinelsa: int size
com.amc.celendinapp.model.RespuestaAdinelsa: java.util.List instalaciones
com.amc.celendinapp.model.ClienteLocal: java.lang.String lat
com.amc.celendinapp.model.TabItem: androidx.compose.ui.graphics.vector.ImageVector icon
com.amc.celendinapp.model.Cliente: java.lang.String estado
com.amc.celendinapp.model.Cliente: java.lang.String dni
com.amc.celendinapp.model.Cliente: java.lang.String latitud
com.amc.celendinapp.model.ClienteLocal: java.lang.String estado
com.amc.celendinapp.model.ClienteLocal: int $stable
com.amc.celendinapp.model.Cliente: int $stable
com.amc.celendinapp.model.ClienteLocal: java.lang.String nombres
com.amc.celendinapp.model.Cliente: java.lang.String localidad
com.amc.celendinapp.model.ClienteLocal: java.lang.String suministro
com.amc.celendinapp.model.ClienteLocal: java.lang.String apellidoP
com.amc.celendinapp.model.Cliente: java.lang.String apellidoPaterno
com.amc.celendinapp.model.InstalacionApi: java.lang.String lon
com.amc.celendinapp.model.Cliente: java.lang.String distrito
com.amc.celendinapp.model.InstalacionApi: java.lang.String centroPoblado
com.amc.celendinapp.model.Cliente: java.lang.String nombres
com.amc.celendinapp.model.InstalacionApi: java.lang.String lat
com.amc.celendinapp.model.ClienteLocal: java.lang.String apellidoM
com.amc.celendinapp.model.InstalacionApi: java.lang.String nombreCompleto
com.amc.celendinapp.model.ClienteLocal: java.lang.String localidad
com.amc.celendinapp.model.TabItem: int $stable
com.amc.celendinapp.model.ClienteLocal: java.lang.String lon
com.amc.celendinapp.model.InstalacionApi: java.lang.String suministro
com.amc.celendinapp.model.InstalacionApi: boolean equals(java.lang.Object)
com.amc.celendinapp.MainActivity: MainActivity()
com.amc.celendinapp.model.Cliente: java.lang.String getDistrito()
com.amc.celendinapp.model.Cliente: java.lang.String component3()
com.amc.celendinapp.model.InstalacionApi: java.lang.String getCentroPoblado()
com.amc.celendinapp.model.RespuestaAdinelsa: com.amc.celendinapp.model.RespuestaAdinelsa copy(int,java.util.List)
com.amc.celendinapp.model.InstalacionApi: java.lang.String component7()
com.amc.celendinapp.model.ClienteLocal: java.lang.String getDni()
com.amc.celendinapp.model.ClienteLocal: java.lang.String component2()
com.amc.celendinapp.model.Cliente: java.lang.String component1()
com.amc.celendinapp.model.TabItem: androidx.compose.ui.graphics.vector.ImageVector component2()
com.amc.celendinapp.model.Cliente: int hashCode()
com.amc.celendinapp.model.RespuestaAdinelsa: java.lang.String toString()
...
com.google.gson.internal.LinkedTreeMap$EntrySet: void clear()
androidx.lifecycle.viewmodel.CreationExtras: CreationExtras()
com.google.gson.internal.NonNullElementWrapperList: java.lang.Object get(int)
androidx.compose.foundation.gestures.DragDetectionState$AwaitDown$AwaitTouchSlop: androidx.compose.foundation.gestures.DragDetectionState$AwaitDown$AwaitTouchSlop[] values()
com.google.gson.internal.NonNullElementWrapperList: int lastIndexOf(java.lang.Object)
com.google.gson.internal.bind.TypeAdapters$23: void write(com.google.gson.stream.JsonWriter,java.net.InetAddress)
com.google.gson.internal.bind.TreeTypeAdapter$SingleTypeFactory: com.google.gson.TypeAdapter create(com.google.gson.Gson,com.google.gson.reflect.TypeToken)
androidx.core.view.WindowInsetsCompat$Impl: void copyWindowDataInto(androidx.core.view.WindowInsetsCompat)
com.google.gson.internal.bind.JsonTreeReader: com.google.gson.JsonElement nextJsonElement()
retrofit2.Utils: java.lang.RuntimeException parameterError(java.lang.reflect.Method,int,java.lang.String,java.lang.Object[])
androidx.core.view.WindowInsetsCompat$Impl: void setOverriddenInsets(androidx.core.graphics.Insets[])
androidx.compose.ui.layout.MeasuringIntrinsics$IntrinsicWidthHeight: androidx.compose.ui.layout.MeasuringIntrinsics$IntrinsicWidthHeight valueOf(java.lang.String)
com.google.gson.internal.bind.TypeAdapters$20: java.lang.StringBuffer read(com.google.gson.stream.JsonReader)
com.google.gson.internal.sql.SqlTimeTypeAdapter: SqlTimeTypeAdapter(com.google.gson.internal.sql.SqlTimeTypeAdapter$1)
com.google.gson.JsonArray: JsonArray()
com.google.gson.internal.sql.SqlDateTypeAdapter: void write(com.google.gson.stream.JsonWriter,java.lang.Object)
com.google.android.gms.internal.location.zzc: zzc()
androidx.profileinstaller.FileSectionType: androidx.profileinstaller.FileSectionType valueOf(java.lang.String)
androidx.core.view.WindowInsetsCompat$Impl20: WindowInsetsCompat$Impl20(androidx.core.view.WindowInsetsCompat,androidx.core.view.WindowInsetsCompat$Impl20)
androidx.compose.material3.internal.Listener$Api33Impl: void addAccessibilityServicesStateChangeListener(android.view.accessibility.AccessibilityManager,android.view.accessibility.AccessibilityManager$AccessibilityServicesStateChangeListener)
com.google.gson.ReflectionAccessFilter$3: com.google.gson.ReflectionAccessFilter$FilterResult check(java.lang.Class)
androidx.compose.ui.platform.AndroidComposeView: void setAccessibilityEventBatchIntervalMillis(long)
com.google.gson.internal.bind.TypeAdapters$27: TypeAdapters$27()
androidx.core.view.ViewCompat$Api30Impl: java.lang.CharSequence getStateDescription(android.view.View)
androidx.compose.ui.viewinterop.FocusTargetPropertiesElement: FocusTargetPropertiesElement()
androidx.lifecycle.ProcessLifecycleOwner$attach$1: void onActivityStopped(android.app.Activity)
androidx.profileinstaller.ProfileInstallerInitializer: ProfileInstallerInitializer()
retrofit2.OptionalConverterFactory: retrofit2.Converter responseBodyConverter(java.lang.reflect.Type,java.lang.annotation.Annotation[],retrofit2.Retrofit)
com.google.gson.internal.UnsafeAllocator: UnsafeAllocator()
com.google.gson.internal.JavaVersion: JavaVersion()
retrofit2.http.DELETE: java.lang.String value()
com.google.gson.FieldNamingPolicy$6: FieldNamingPolicy$6(java.lang.String,int)
retrofit2.Utils$ParameterizedTypeImpl: boolean equals(java.lang.Object)
androidx.lifecycle.ReportFragment$LifecycleCallbacks: void onActivityStarted(android.app.Activity)
androidx.compose.ui.viewinterop.AndroidViewHolder: kotlin.jvm.functions.Function1 getOnModifierChanged$ui()
androidx.compose.ui.window.DialogProperties: DialogProperties()
com.google.gson.JsonElement: JsonElement()
com.google.gson.internal.bind.TypeAdapters$21: java.lang.Object read(com.google.gson.stream.JsonReader)
com.google.gson.internal.bind.TypeAdapters$15: java.lang.Object read(com.google.gson.stream.JsonReader)
com.google.gson.internal.bind.JsonTreeWriter$1: void flush()