app/build/outputs/mapping/release/mapping.txt
# compiler: R8
# compiler_version: 8.12.22
# min_api: 24
# common_typos_disable
# {"id":"com.android.tools.r8.mapping","version":"2.2"}
# pg_map_id: a0cdf24254ab7a97112a53b594b03290aa66b3efa9317431b6c12a4df08a0fd5
# pg_map_hash: SHA-256 a0cdf24254ab7a97112a53b594b03290aa66b3efa9317431b6c12a4df08a0fd5
com.amc.celendinapp.CacheManager -> U1.a:
# {"id":"sourceFile","fileName":"CacheManager.kt"}
    com.amc.celendinapp.CacheManager INSTANCE -> a
      # {"id":"com.android.tools.r8.residualsignature","signature":"LU1/a;"}
    1:8:void <clinit>():0:0 -> <clinit>
    1:4:void <init>():6:6 -> <init>
    1:11:void U1.CacheManager.guardar(android.content.Context,java.util.List):0:0 -> a
      # {"id":"com.android.tools.r8.synthesized"}
    1:7:java.util.List U1.CacheManager.leer(android.content.Context):0:0 -> b
      # {"id":"com.android.tools.r8.synthesized"}
com.amc.celendinapp.ComposableSingletons$MainActivityKt -> U1.b:
# {"id":"sourceFile","fileName":"MainActivity.kt"}
    com.amc.celendinapp.ComposableSingletons$MainActivityKt INSTANCE -> a
      # {"id":"com.android.tools.r8.residualsignature","signature":"LU1/b;"}
    kotlin.jvm.functions.Function2 lambda-1 -> b
      # {"id":"com.android.tools.r8.residualsignature","signature":"LL2/p;"}
    kotlin.jvm.functions.Function2 lambda-2 -> c
      # {"id":"com.android.tools.r8.residualsignature","signature":"LL2/p;"}
    kotlin.jvm.functions.Function2 lambda-3 -> d
      # {"id":"com.android.tools.r8.residualsignature","signature":"LL2/p;"}
    kotlin.jvm.functions.Function2 lambda-4 -> e
      # {"id":"com.android.tools.r8.residualsignature","signature":"LL2/p;"}
    kotlin.jvm.functions.Function2 lambda-5 -> f
      # {"id":"com.android.tools.r8.residualsignature","signature":"LL2/p;"}
    kotlin.jvm.functions.Function2 lambda-6 -> g
      # {"id":"com.android.tools.r8.residualsignature","signature":"LL2/p;"}
    kotlin.jvm.functions.Function2 lambda-7 -> h
      # {"id":"com.android.tools.r8.residualsignature","signature":"LL2/p;"}
    kotlin.jvm.functions.Function2 lambda-8 -> i
      # {"id":"com.android.tools.r8.residualsignature","signature":"LL2/p;"}
    kotlin.jvm.functions.Function2 lambda-9 -> j
      # {"id":"com.android.tools.r8.residualsignature","signature":"LL2/p;"}
    kotlin.jvm.functions.Function2 lambda-10 -> k
com.amc.celendinapp.ComposableSingletons$MainActivityKt$lambda-1$1 -> U1.b$a:
# {"id":"sourceFile","fileName":"MainActivity.kt"}
    com.amc.celendinapp.ComposableSingletons$MainActivityKt$lambda-1$1 INSTANCE -> m
      # {"id":"com.android.tools.r8.residualsignature","signature":"LU1/b$a;"}
    1:8:void <clinit>():0:0 -> <clinit>
    1:4:void <init>():0:0 -> <init>
    6:45:void invoke(androidx.compose.runtime.Composer,int):46:46 -> b
      # {"id":"com.android.tools.r8.residualsignature","signature":"(LV/r;I)V"}
    1:14:java.lang.Object invoke(java.lang.Object,java.lang.Object):45:45 -> e
com.amc.celendinapp.ComposableSingletons$MainActivityKt$lambda-10$1 -> U1.b$b:
# {"id":"sourceFile","fileName":"MainActivity.kt"}
    com.amc.celendinapp.ComposableSingletons$MainActivityKt$lambda-10$1 INSTANCE -> m
      # {"id":"com.android.tools.r8.residualsignature","signature":"LU1/b$b;"}
    1:8:void <clinit>():0:0 -> <clinit>
    1:4:void <init>():0:0 -> <init>
    6:65:void invoke(androidx.compose.runtime.Composer,int):400:400 -> b
      # {"id":"com.android.tools.r8.residualsignature","signature":"(LV/r;I)V"}
    1:14:java.lang.Object invoke(java.lang.Object,java.lang.Object):400:400 -> e
com.amc.celendinapp.ComposableSingletons$MainActivityKt$lambda-11$1 -> U1.b$c:
# {"id":"sourceFile","fileName":"MainActivity.kt"}
    com.amc.celendinapp.ComposableSingletons$MainActivityKt$lambda-11$1 INSTANCE -> m
      # {"id":"com.android.tools.r8.residualsignature","signature":"LU1/b$c;"}
    1:8:void <clinit>():0:0 -> <clinit>
    1:4:void <init>():0:0 -> <init>
    6:65:void invoke(androidx.compose.runtime.Composer,int):401:401 -> b
      # {"id":"com.android.tools.r8.residualsignature","signature":"(LV/r;I)V"}
    1:14:java.lang.Object invoke(java.lang.Object,java.lang.Object):401:401 -> e
...
androidx.compose.material3.ComposableSingletons$AppBarKt$lambda-2$1 -> S.u$k:
# {"id":"sourceFile","fileName":"AppBar.kt"}
    androidx.compose.material3.ComposableSingletons$AppBarKt$lambda-2$1 INSTANCE -> m
      # {"id":"com.android.tools.r8.residualsignature","signature":"LS/u$k;"}
    1:8:void <clinit>():0:0 -> <clinit>
    2:5:void <init>():0:0 -> <init>
    7:42:void invoke(androidx.compose.foundation.layout.RowScope,androidx.compose.runtime.Composer,int):142:142 -> b
      # {"id":"com.android.tools.r8.residualsignature","signature":"(Lv/y0;LV/r;I)V"}
    1:16:java.lang.Object invoke(java.lang.Object,java.lang.Object,java.lang.Object):142:142 -> d
androidx.compose.material3.ComposableSingletons$AppBarKt$lambda-3$1 -> S.u$l:
# {"id":"sourceFile","fileName":"AppBar.kt"}
    androidx.compose.material3.ComposableSingletons$AppBarKt$lambda-3$1 INSTANCE -> m
      # {"id":"com.android.tools.r8.residualsignature","signature":"LS/u$l;"}
    1:8:void <clinit>():0:0 -> <clinit>
    2:5:void <init>():0:0 -> <init>
    6:41:void invoke(androidx.compose.runtime.Composer,int):202:202 -> b
      # {"id":"com.android.tools.r8.residualsignature","signature":"(LV/r;I)V"}
    1:14:java.lang.Object invoke(java.lang.Object,java.lang.Object):202:202 -> e
androidx.compose.material3.ComposableSingletons$AppBarKt$lambda-4$1 -> S.u$m:
# {"id":"sourceFile","fileName":"AppBar.kt"}
    androidx.compose.material3.ComposableSingletons$AppBarKt$lambda-4$1 INSTANCE -> m
      # {"id":"com.android.tools.r8.residualsignature","signature":"LS/u$m;"}
    1:8:void <clinit>():0:0 -> <clinit>
    2:5:void <init>():0:0 -> <init>
    7:42:void invoke(androidx.compose.foundation.layout.RowScope,androidx.compose.runtime.Composer,int):203:203 -> b
      # {"id":"com.android.tools.r8.residualsignature","signature":"(Lv/y0;LV/r;I)V"}
    1:16:java.lang.Object invoke(java.lang.Object,java.lang.Object,java.lang.Object):203:203 -> d
androidx.compose.material3.ComposableSingletons$AppBarKt$lambda-5$1 -> S.u$n:
# {"id":"sourceFile","fileName":"AppBar.kt"}
    androidx.compose.material3.ComposableSingletons$AppBarKt$lambda-5$1 INSTANCE -> m
      # {"id":"com.android.tools.r8.residualsignature","signature":"LS/u$n;"}
    1:8:void <clinit>():0:0 -> <clinit>
    2:5:void <init>():0:0 -> <init>
    6:41:void invoke(androidx.compose.runtime.Composer,int):268:268 -> b
      # {"id":"com.android.tools.r8.residualsignature","signature":"(LV/r;I)V"}
    1:14:java.lang.Object invoke(java.lang.Object,java.lang.Object):268:268 -> e
androidx.compose.material3.ComposableSingletons$AppBarKt$lambda-6$1 -> S.u$o:
# {"id":"sourceFile","fileName":"AppBar.kt"}
    androidx.compose.material3.ComposableSingletons$AppBarKt$lambda-6$1 INSTANCE -> m
      # {"id":"com.android.tools.r8.residualsignature","signature":"LS/u$o;"}
    1:8:void <clinit>():0:0 -> <clinit>
    2:5:void <init>():0:0 -> <init>
    7:42:void invoke(androidx.compose.foundation.layout.RowScope,androidx.compose.runtime.Composer,int):269:269 -> b
      # {"id":"com.android.tools.r8.residualsignature","signature":"(Lv/y0;LV/r;I)V"}
    1:16:java.lang.Object invoke(java.lang.Object,java.lang.Object,java.lang.Object):269:269 -> d
androidx.compose.material3.ComposableSingletons$AppBarKt$lambda-7$1 -> S.u$p:
# {"id":"sourceFile","fileName":"AppBar.kt"}
    androidx.compose.material3.ComposableSingletons$AppBarKt$lambda-7$1 INSTANCE -> m
      # {"id":"com.android.tools.r8.residualsignature","signature":"LS/u$p;"}
    1:8:void <clinit>():0:0 -> <clinit>
    2:5:void <init>():0:0 -> <init>
    6:41:void invoke(androidx.compose.runtime.Composer,int):326:326 -> b
      # {"id":"com.android.tools.r8.residualsignature","signature":"(LV/r;I)V"}
    1:14:java.lang.Object invoke(java.lang.Object,java.lang.Object):326:326 -> e