app/build/outputs/mapping/release/usage.txt
com.amc.celendinapp.CacheManager:
    public static final int $stable
com.amc.celendinapp.FileUtils
com.amc.celendinapp.ImportManager:
    public static final int $stable
com.amc.celendinapp.JsonUtils
com.amc.celendinapp.MainActivity:
    public static final int $stable
com.amc.celendinapp.MainActivityKt$CelendinDrawerWrapper$1$1$invoke$lambda$5$lambda$4$$inlined$items$default$2
com.amc.celendinapp.MainActivityKt$CelendinScreen$2$3$invoke$lambda$14$lambda$11$lambda$10$lambda$9$$inlined$items$default$2
com.amc.celendinapp.MainActivityKt:
    private static final boolean CelendinScreen$lambda$65(androidx.compose.runtime.MutableState)
    static synthetic void MainAppContainer$ejecutarCargaDatos$default(kotlinx.coroutines.CoroutineScope,androidx.compose.runtime.MutableState,androidx.compose.runtime.MutableState,android.content.Context,androidx.compose.runtime.MutableState,java.lang.String,int,java.lang.Object)
com.amc.celendinapp.MapaUtils$agruparYOrdenarNorteSur$$inlined$sortedByDescending$1
com.amc.celendinapp.MapaUtils:
    public static final int $stable
    public final void abrirMapa(android.content.Context,java.lang.String,java.lang.String,java.lang.String)
    public final java.util.List agruparYOrdenarNorteSur(java.util.List)
com.amc.celendinapp.R$color
com.amc.celendinapp.R$drawable:
    public static int ic_aspa_check
    public static int ic_launcher_background
    public static int ic_launcher_foreground
    public static int ic_pin_mapa
    private void <init>()
com.amc.celendinapp.R$mipmap
com.amc.celendinapp.R$string
com.amc.celendinapp.R$style
com.amc.celendinapp.R$xml
com.amc.celendinapp.R
com.amc.celendinapp.VisitaManager:
    public static final int $stable
    private static final java.lang.String KEY_VISITADOS
    private static final java.lang.String PREFS_NAME
com.amc.celendinapp.componentes.ComposableSingletons$ConfirmDialogKt$lambda-1$1
com.amc.celendinapp.componentes.ComposableSingletons$ConfirmDialogKt
com.amc.celendinapp.componentes.ConfirmDialogKt$ConfirmDialog$1$1
com.amc.celendinapp.componentes.ConfirmDialogKt$ConfirmDialog$1
com.amc.celendinapp.componentes.ConfirmDialogKt$ConfirmDialog$2
com.amc.celendinapp.componentes.ConfirmDialogKt$ConfirmDialog$3
com.amc.celendinapp.componentes.ConfirmDialogKt$ConfirmDialog$4
com.amc.celendinapp.componentes.ConfirmDialogKt
com.amc.celendinapp.componentes.DialogoImportacionKt$DialogoImportacion$3$invoke$lambda$10$lambda$9$lambda$8$$inlined$items$default$2
com.amc.celendinapp.network.RetrofitClient:
    private static final java.lang.String BASE_URL
...
androidx.compose.animation.core.KeyframeBaseEntity:
    public final kotlin.Pair toPair$animation_core(kotlin.jvm.functions.Function1)
androidx.compose.animation.core.KeyframesSpec$KeyframeEntity:
    public final void setArcMode-Rur9ykg$animation_core(int)
androidx.compose.animation.core.KeyframesSpec$KeyframesSpecConfig:
    public synthetic bridge androidx.compose.animation.core.KeyframeBaseEntity at(java.lang.Object,int)
    public synthetic bridge androidx.compose.animation.core.KeyframeBaseEntity atFraction(java.lang.Object,float)
    public androidx.compose.animation.core.KeyframesSpec$KeyframeEntity atFraction(java.lang.Object,float)
    public synthetic bridge androidx.compose.animation.core.KeyframeBaseEntity createEntityFor$animation_core(java.lang.Object)
    public androidx.compose.animation.core.KeyframesSpec$KeyframeEntity createEntityFor$animation_core(java.lang.Object)
    public final androidx.compose.animation.core.KeyframesSpec$KeyframeEntity using-ngzHuyU(androidx.compose.animation.core.KeyframesSpec$KeyframeEntity,int)
    public final void with(androidx.compose.animation.core.KeyframesSpec$KeyframeEntity,androidx.compose.animation.core.Easing)
androidx.compose.animation.core.KeyframesSpec:
    public static final int $stable
    public final androidx.compose.animation.core.KeyframesSpec$KeyframesSpecConfig getConfig()
    public synthetic bridge androidx.compose.animation.core.VectorizedFiniteAnimationSpec vectorize(androidx.compose.animation.core.TwoWayConverter)
androidx.compose.animation.core.KeyframesSpecBaseConfig:
    public androidx.compose.animation.core.KeyframeBaseEntity at(java.lang.Object,int)
    public androidx.compose.animation.core.KeyframeBaseEntity atFraction(java.lang.Object,float)
    public abstract androidx.compose.animation.core.KeyframeBaseEntity createEntityFor$animation_core(java.lang.Object)
    public final void setDelayMillis(int)
androidx.compose.animation.core.KeyframesWithSplineSpec$KeyframesWithSplineSpecConfig
androidx.compose.animation.core.KeyframesWithSplineSpec
androidx.compose.animation.core.MonoSpline
androidx.compose.animation.core.MonoSplineKt
androidx.compose.animation.core.Motion:
    private final long packedValue
    private synthetic void <init>(long)
    public static final synthetic androidx.compose.animation.core.Motion box-impl(long)
    public boolean equals(java.lang.Object)
    public static boolean equals-impl(long,java.lang.Object)
    public static final boolean equals-impl0(long,long)
    public final long getPackedValue()
    public static final float getValue-impl(long)
    public static final float getVelocity-impl(long)
    public int hashCode()
    public static int hashCode-impl(long)
    public java.lang.String toString()
    public static java.lang.String toString-impl(long)
    public final synthetic long unbox-impl()
androidx.compose.animation.core.MutableTransitionState:
    public final boolean isIdle()
    public synthetic bridge void setTargetState$animation_core(java.lang.Object)
androidx.compose.animation.core.MutatePriority:
    public static kotlin.enums.EnumEntries getEntries()
androidx.compose.animation.core.MutatorMutex$Mutator:
    public final kotlinx.coroutines.Job getJob()
    public final androidx.compose.animation.core.MutatePriority getPriority()
androidx.compose.animation.core.MutatorMutex$mutateWith$2
androidx.compose.animation.core.MutatorMutex:
    public static final int $stable
    public final java.lang.Object mutateWith(java.lang.Object,androidx.compose.animation.core.MutatePriority,kotlin.jvm.functions.Function2,kotlin.coroutines.Continuation)
    public static synthetic java.lang.Object mutateWith$default(androidx.compose.animation.core.MutatorMutex,java.lang.Object,androidx.compose.animation.core.MutatePriority,kotlin.jvm.functions.Function2,kotlin.coroutines.Continuation,int,java.lang.Object)
androidx.compose.animation.core.PathEasing